<?xml version="1.0" encoding="UTF-8"?>
<!-- Generated by org.testng.reporters.JUnitReportReporter -->
<testsuite skipped="0" hostname="Lenovo-I7-PC" name="testRunner.Runner" tests="1" failures="0" timestamp="21 Nov 2019 14:51:09 GMT" time="26.315" errors="0">
  <testcase name="my_test" time="26.315" classname="testRunner.Runner"/>
</testsuite> <!-- testRunner.Runner -->
